<?xml version="1.0" encoding="UTF-8"?>
<testsuite xmlns:xsi="http://www.w3.org/2001/XMLSchema-instance" xsi:noNamespaceSchemaLocation="https://maven.apache.org/surefire/maven-surefire-plugin/xsd/surefire-test-report-3.0.xsd" version="3.0" name="com.example.sqs_dynamodb.SqsDynamodbApplicationTests" time="2.18" tests="1" errors="0" skipped="0" failures="0">
  <properties>
[...]
</properties>
  <testcase name="contextLoads" classname="com.example.sqs_dynamodb.SqsDynamodbApplicationTests" time="0.49">
    <system-out><![CDATA[15:09:59.118 [main] INFO org.springframework.test.context.support.AnnotationConfigContextLoaderUtils -- Could not detect default configuration classes for test class [com.example.sqs_dynamodb.SqsDynamodbApplicationTests]: SqsDynamodbApplicationTests does not declare any static, non-private, non-final, nested classes annotated with @Configuration.
15:09:59.166 [main] INFO org.springframework.boot.test.context.SpringBootTestContextBootstrapper -- Found @SpringBootConfiguration com.example.sqs_dynamodb.SqsDynamodbApplication for test class com.example.sqs_dynamodb.SqsDynamodbApplicationTests
  .   ____          _            __ _ _
 /\\ / ___'_ __ _ _(_)_ __  __ _ \ \ \ \
( ( )\___ | '_ | '_| | '_ \/ _` | \ \ \ \
 \\/  ___)| |_)| | | | | || (_| |  ) ) ) )
  '  |____| .__|_| |_|_| |_\__, | / / / /
 =========|_|==============|___/=/_/_/_/

 :: Spring Boot ::                (v3.3.0)

2024-07-02T15:09:59.361+03:00  INFO 9306 --- [sqs-dynamodb] [           main] c.e.s.SqsDynamodbApplicationTests        : Starting SqsDynamodbApplicationTests using Java 21.0.3 with PID 9306 (started by abdulla in /Users/abdulla/Desktop/Java/sqs-dynamodb)
2024-07-02T15:09:59.363+03:00  INFO 9306 --- [sqs-dynamodb] [           main] c.e.s.SqsDynamodbApplicationTests        : No active profile set, falling back to 1 default profile: "default"
2024-07-02T15:09:59.588+03:00  INFO 9306 --- [sqs-dynamodb] [           main] .s.d.r.c.RepositoryConfigurationDelegate : Bootstrapping Spring Data DynamoDB repositories in DEFAULT mode.
2024-07-02T15:09:59.611+03:00  INFO 9306 --- [sqs-dynamodb] [           main] .s.d.r.c.RepositoryConfigurationDelegate : Finished Spring Data repository scanning in 20 ms. Found 1 DynamoDB repository interface.
2024-07-02T15:09:59.826+03:00  WARN 9306 --- [sqs-dynamodb] [           main] trationDelegate$BeanPostProcessorChecker : Bean 'dynamoDBConfig' of type [com.example.sqs_dynamodb.config.DynamoDBConfig$$SpringCGLIB$$0] is not eligible for getting processed by all BeanPostProcessors (for example: not eligible for auto-proxying). Is this bean getting eagerly injected into a currently created BeanPostProcessor [methodValidationPostProcessor]? Check the corresponding BeanPostProcessor declaration and its dependencies.
2024-07-02T15:10:00.153+03:00  WARN 9306 --- [sqs-dynamodb] [           main] trationDelegate$BeanPostProcessorChecker : Bean 'amazonDynamoDB' of type [com.amazonaws.services.dynamodbv2.AmazonDynamoDBClient] is not eligible for getting processed by all BeanPostProcessors (for example: not eligible for auto-proxying). Is this bean getting eagerly injected into a currently created BeanPostProcessor [methodValidationPostProcessor]? Check the corresponding BeanPostProcessor declaration and its dependencies.
2024-07-02T15:10:00.164+03:00  WARN 9306 --- [sqs-dynamodb] [           main] trationDelegate$BeanPostProcessorChecker : Bean 'dynamoDB-DynamoDBMapperConfig' of type [com.amazonaws.services.dynamodbv2.datamodeling.DynamoDBMapperConfig] is not eligible for getting processed by all BeanPostProcessors (for example: not eligible for auto-proxying). Is this bean getting eagerly injected into a currently created BeanPostProcessor [methodValidationPostProcessor]? Check the corresponding BeanPostProcessor declaration and its dependencies.
2024-07-02T15:10:00.231+03:00  WARN 9306 --- [sqs-dynamodb] [           main] s.a.a.p.internal.ProfileFileReader       : Ignoring profile 'Access key 1' on line 10 because it was not alphanumeric with only these special characters: - / . % @ _ : +
2024-07-02T15:10:00.417+03:00  INFO 9306 --- [sqs-dynamodb] [           main] o.s.s.d.d.r.s.DynamoDBRepositoryFactory  : Spring Data DynamoDB Version: 5.1.0 (2.1)
2024-07-02T15:10:00.418+03:00  INFO 9306 --- [sqs-dynamodb] [           main] o.s.s.d.d.r.s.DynamoDBRepositoryFactory  : Spring Data Version:          3.3.0
2024-07-02T15:10:00.418+03:00  INFO 9306 --- [sqs-dynamodb] [           main] o.s.s.d.d.r.s.DynamoDBRepositoryFactory  : AWS SDK Version:              1.12.748
2024-07-02T15:10:00.418+03:00  INFO 9306 --- [sqs-dynamodb] [           main] o.s.s.d.d.r.s.DynamoDBRepositoryFactory  : Java Version:                 21.0.3 - OpenJDK 64-Bit Server VM 21.0.3
2024-07-02T15:10:00.418+03:00  INFO 9306 --- [sqs-dynamodb] [           main] o.s.s.d.d.r.s.DynamoDBRepositoryFactory  : Platform Details:             Mac OS X 13.5
2024-07-02T15:10:00.418+03:00  WARN 9306 --- [sqs-dynamodb] [           main] o.s.s.d.d.r.s.DynamoDBRepositoryFactory  : This Spring Data DynamoDB implementation might not be compatible with the available Spring Data classes on the classpath!
NoDefClassFoundExceptions or similar might occur!
2024-07-02T15:10:00.704+03:00  INFO 9306 --- [sqs-dynamodb] [           main] d.d.r.u.Entity2DynamoDBTableSynchronizer : Checking repository classes with DynamoDB tables Logs for ContextRefreshedEvent
2024-07-02T15:10:00.705+03:00  INFO 9306 --- [sqs-dynamodb] [           main] c.e.s.SqsDynamodbApplicationTests        : Started SqsDynamodbApplicationTests in 1.473 seconds (process running for 1.992)
]]></system-out>
    <system-err><![CDATA[WARNING: A Java agent has been loaded dynamically (/Users/abdulla/.m2/repository/net/bytebuddy/byte-buddy-agent/1.14.16/byte-buddy-agent-1.14.16.jar)
WARNING: If a serviceability tool is in use, please run with -XX:+EnableDynamicAgentLoading to hide this warning
WARNING: If a serviceability tool is not in use, please run with -Djdk.instrument.traceUsage for more information
WARNING: Dynamic loading of agents will be disallowed by default in a future release
]]></system-err>
  </testcase>
</testsuite>